Flow report for mp3
Sun Oct 23 16:58:47 2016
Quartus II 32-bit Version 13.1.4 Build 182 03/12/2014 SJ Full Version


---------------------
; Table of Contents ;
---------------------
  1. Legal Notice
  2. Flow Summary
  3. Flow Settings
  4. Flow Non-Default Global Settings
  5. Flow Elapsed Time
  6. Flow OS Summary
  7. Flow Log
  8. Flow Messages
  9. Flow Suppressed Messages



----------------
; Legal Notice ;
----------------
Copyright (C) 1991-2014 Altera Corporation
Your use of Altera Corporation's design tools, logic functions 
and other software and tools, and its AMPP partner logic 
functions, and any output files from any of the foregoing 
(including device programming or simulation files), and any 
associated documentation or information are expressly subject 
to the terms and conditions of the Altera Program License 
Subscription Agreement, Altera MegaCore Function License 
Agreement, or other applicable license agreement, including, 
without limitation, that your use is for the sole purpose of 
programming logic devices manufactured by Altera and sold by 
Altera or its authorized distributors.  Please refer to the 
applicable agreement for further details.



+-----------------------------------------------------------------------------+
; Flow Summary                                                                ;
+-------------------------------+---------------------------------------------+
; Flow Status                   ; Successful - Sun Oct 23 16:58:47 2016       ;
; Quartus II 32-bit Version     ; 13.1.4 Build 182 03/12/2014 SJ Full Version ;
; Revision Name                 ; mp3                                         ;
; Top-level Entity Name         ; mp3                                         ;
; Family                        ; Stratix III                                 ;
; Logic utilization             ; 14 %                                        ;
;     Combinational ALUTs       ; 2,024 / 38,000 ( 5 % )                      ;
;     Memory ALUTs              ; 0 / 19,000 ( 0 % )                          ;
;     Dedicated logic registers ; 5,067 / 38,000 ( 13 % )                     ;
; Total registers               ; 5067                                        ;
; Total pins                    ; 276 / 488 ( 57 % )                          ;
; Total virtual pins            ; 0                                           ;
; Total block memory bits       ; 0 / 1,880,064 ( 0 % )                       ;
; DSP block 18-bit elements     ; 0 / 216 ( 0 % )                             ;
; Total PLLs                    ; 0 / 4 ( 0 % )                               ;
; Total DLLs                    ; 0 / 4 ( 0 % )                               ;
; Device                        ; EP3SL50F780C2                               ;
; Timing Models                 ; Final                                       ;
+-------------------------------+---------------------------------------------+


+-----------------------------------------+
; Flow Settings                           ;
+-------------------+---------------------+
; Option            ; Setting             ;
+-------------------+---------------------+
; Start date & time ; 10/23/2016 16:57:01 ;
; Main task         ; Compilation         ;
; Revision Name     ; mp3                 ;
+-------------------+---------------------+


+-----------------------------------------------------------------------------------------------------------------------+
; Flow Non-Default Global Settings                                                                                      ;
+--------------------------------------+---------------------------------+---------------+-------------+----------------+
; Assignment Name                      ; Value                           ; Default Value ; Entity Name ; Section Id     ;
+--------------------------------------+---------------------------------+---------------+-------------+----------------+
; COMPILER_SIGNATURE_ID                ; 176831338140758.147725982024685 ; --            ; --          ; --             ;
; EDA_DESIGN_INSTANCE_NAME             ; NA                              ; --            ; --          ; mp3_tb         ;
; EDA_NATIVELINK_SIMULATION_TEST_BENCH ; mp3_tb                          ; --            ; --          ; eda_simulation ;
; EDA_OUTPUT_DATA_FORMAT               ; Systemverilog Hdl               ; --            ; --          ; eda_simulation ;
; EDA_SIMULATION_TOOL                  ; ModelSim-Altera (SystemVerilog) ; <None>        ; --          ; --             ;
; EDA_TEST_BENCH_ENABLE_STATUS         ; TEST_BENCH_MODE                 ; --            ; --          ; eda_simulation ;
; EDA_TEST_BENCH_FILE                  ; physical_memory.sv              ; --            ; --          ; mp3_tb         ;
; EDA_TEST_BENCH_FILE                  ; mp3_tb.sv                       ; --            ; --          ; mp3_tb         ;
; EDA_TEST_BENCH_MODULE_NAME           ; mp3_tb                          ; --            ; --          ; mp3_tb         ;
; EDA_TEST_BENCH_NAME                  ; mp3_tb                          ; --            ; --          ; eda_simulation ;
; EDA_TEST_BENCH_RUN_SIM_FOR           ; 200 ns                          ; --            ; --          ; mp3_tb         ;
; EDA_TIME_SCALE                       ; 1 ps                            ; --            ; --          ; eda_simulation ;
; PARTITION_COLOR                      ; 16764057                        ; --            ; --          ; Top            ;
; PARTITION_FITTER_PRESERVATION_LEVEL  ; PLACEMENT_AND_ROUTING           ; --            ; --          ; Top            ;
; PARTITION_NETLIST_TYPE               ; SOURCE                          ; --            ; --          ; Top            ;
; PROJECT_OUTPUT_DIRECTORY             ; output_files                    ; --            ; --          ; --             ;
+--------------------------------------+---------------------------------+---------------+-------------+----------------+


+-------------------------------------------------------------------------------------------------------------------------------+
; Flow Elapsed Time                                                                                                             ;
+---------------------------+--------------+-------------------------+---------------------+------------------------------------+
; Module Name               ; Elapsed Time ; Average Processors Used ; Peak Virtual Memory ; Total CPU Time (on all processors) ;
+---------------------------+--------------+-------------------------+---------------------+------------------------------------+
; Analysis & Synthesis      ; 00:00:14     ; 1.0                     ; 476 MB              ; 00:00:09                           ;
; Fitter                    ; 00:00:41     ; 1.5                     ; 843 MB              ; 00:00:43                           ;
; Assembler                 ; 00:00:07     ; 1.0                     ; 435 MB              ; 00:00:05                           ;
; TimeQuest Timing Analyzer ; 00:00:10     ; 1.0                     ; 561 MB              ; 00:00:06                           ;
; EDA Netlist Writer        ; 00:00:14     ; 1.0                     ; 414 MB              ; 00:00:08                           ;
; Total                     ; 00:01:26     ; --                      ; --                  ; 00:01:11                           ;
+---------------------------+--------------+-------------------------+---------------------+------------------------------------+


+----------------------------------------------------------------------------------------------------------+
; Flow OS Summary                                                                                          ;
+---------------------------+-------------------------------+--------------+--------------+----------------+
; Module Name               ; Machine Hostname              ; OS Name      ; OS Version   ; Processor type ;
+---------------------------+-------------------------------+--------------+--------------+----------------+
; Analysis & Synthesis      ; eceb-2022-18.ews.illinois.edu ; CentOS Linux ; CentOS Linux ; x86_64         ;
; Fitter                    ; eceb-2022-18.ews.illinois.edu ; CentOS Linux ; CentOS Linux ; x86_64         ;
; Assembler                 ; eceb-2022-18.ews.illinois.edu ; CentOS Linux ; CentOS Linux ; x86_64         ;
; TimeQuest Timing Analyzer ; eceb-2022-18.ews.illinois.edu ; CentOS Linux ; CentOS Linux ; x86_64         ;
; EDA Netlist Writer        ; eceb-2022-18.ews.illinois.edu ; CentOS Linux ; CentOS Linux ; x86_64         ;
+---------------------------+-------------------------------+--------------+--------------+----------------+


------------
; Flow Log ;
------------
quartus_map --read_settings_files=on --write_settings_files=off mp3 -c mp3
quartus_fit --read_settings_files=off --write_settings_files=off mp3 -c mp3
quartus_asm --read_settings_files=off --write_settings_files=off mp3 -c mp3
quartus_sta mp3 -c mp3
quartus_eda --read_settings_files=off --write_settings_files=off mp3 -c mp3



