EDA Netlist Writer report for mp3
Fri Oct 14 21:43:47 2016
Quartus Prime Version 16.0.0 Build 211 04/27/2016 SJ Lite Edition


---------------------
; Table of Contents ;
---------------------
  1. Legal Notice
  2. EDA Netlist Writer Summary
  3. Simulation Settings
  4. Simulation Generated Files
  5. EDA Netlist Writer Messages



----------------
; Legal Notice ;
----------------
Copyright (C) 1991-2016 Altera Corporation. All rights reserved.
Your use of Altera Corporation's design tools, logic functions 
and other software and tools, and its AMPP partner logic 
functions, and any output files from any of the foregoing 
(including device programming or simulation files), and any 
associated documentation or information are expressly subject 
to the terms and conditions of the Altera Program License 
Subscription Agreement, the Altera Quartus Prime License Agreement,
the Altera MegaCore Function License Agreement, or other 
applicable license agreement, including, without limitation, 
that your use is for the sole purpose of programming logic 
devices manufactured by Altera and sold by Altera or its 
authorized distributors.  Please refer to the applicable 
agreement for further details.



+-------------------------------------------------------------------+
; EDA Netlist Writer Summary                                        ;
+---------------------------+---------------------------------------+
; EDA Netlist Writer Status ; Successful - Fri Oct 14 21:43:47 2016 ;
; Revision Name             ; mp3                                   ;
; Top-level Entity Name     ; mp3                                   ;
; Family                    ; Cyclone IV E                          ;
; Simulation Files Creation ; Successful                            ;
+---------------------------+---------------------------------------+


+-------------------------------------------------------------------------------------------------------------------------------------+
; Simulation Settings                                                                                                                 ;
+---------------------------------------------------------------------------------------------------+---------------------------------+
; Option                                                                                            ; Setting                         ;
+---------------------------------------------------------------------------------------------------+---------------------------------+
; Tool Name                                                                                         ; ModelSim-Altera (SystemVerilog) ;
; Generate functional simulation netlist                                                            ; Off                             ;
; Time scale                                                                                        ; 1 ps                            ;
; Truncate long hierarchy paths                                                                     ; Off                             ;
; Map illegal HDL characters                                                                        ; Off                             ;
; Flatten buses into individual nodes                                                               ; Off                             ;
; Maintain hierarchy                                                                                ; Off                             ;
; Bring out device-wide set/reset signals as ports                                                  ; Off                             ;
; Enable glitch filtering                                                                           ; Off                             ;
; Do not write top level VHDL entity                                                                ; Off                             ;
; Disable detection of setup and hold time violations in the input registers of bi-directional pins ; Off                             ;
; Architecture name in VHDL output netlist                                                          ; structure                       ;
; Generate third-party EDA tool command script for RTL functional simulation                        ; Off                             ;
; Generate third-party EDA tool command script for gate-level simulation                            ; Off                             ;
+---------------------------------------------------------------------------------------------------+---------------------------------+


+------------------------------------------------------------------------+
; Simulation Generated Files                                             ;
+------------------------------------------------------------------------+
; Generated Files                                                        ;
+------------------------------------------------------------------------+
; /home/nate/ece411/mp3/simulation/modelsim/mp3_6_1200mv_85c_slow.svo    ;
; /home/nate/ece411/mp3/simulation/modelsim/mp3_6_1200mv_0c_slow.svo     ;
; /home/nate/ece411/mp3/simulation/modelsim/mp3_min_1200mv_0c_fast.svo   ;
; /home/nate/ece411/mp3/simulation/modelsim/mp3.svo                      ;
; /home/nate/ece411/mp3/simulation/modelsim/mp3_6_1200mv_85c_v_slow.sdo  ;
; /home/nate/ece411/mp3/simulation/modelsim/mp3_6_1200mv_0c_v_slow.sdo   ;
; /home/nate/ece411/mp3/simulation/modelsim/mp3_min_1200mv_0c_v_fast.sdo ;
; /home/nate/ece411/mp3/simulation/modelsim/mp3_v.sdo                    ;
+------------------------------------------------------------------------+


+-----------------------------+
; EDA Netlist Writer Messages ;
+-----------------------------+
Info: *******************************************************************
Info: Running Quartus Prime EDA Netlist Writer
    Info: Version 16.0.0 Build 211 04/27/2016 SJ Lite Edition
    Info: Processing started: Fri Oct 14 21:43:46 2016
Info: Command: quartus_eda --read_settings_files=off --write_settings_files=off mp3 -c mp3
Info (204019): Generated file mp3_6_1200mv_85c_slow.svo in folder "/home/nate/ece411/mp3/simulation/modelsim/" for EDA simulation tool
Info (204019): Generated file mp3_6_1200mv_0c_slow.svo in folder "/home/nate/ece411/mp3/simulation/modelsim/" for EDA simulation tool
Info (204019): Generated file mp3_min_1200mv_0c_fast.svo in folder "/home/nate/ece411/mp3/simulation/modelsim/" for EDA simulation tool
Info (204019): Generated file mp3.svo in folder "/home/nate/ece411/mp3/simulation/modelsim/" for EDA simulation tool
Info (204019): Generated file mp3_6_1200mv_85c_v_slow.sdo in folder "/home/nate/ece411/mp3/simulation/modelsim/" for EDA simulation tool
Info (204019): Generated file mp3_6_1200mv_0c_v_slow.sdo in folder "/home/nate/ece411/mp3/simulation/modelsim/" for EDA simulation tool
Info (204019): Generated file mp3_min_1200mv_0c_v_fast.sdo in folder "/home/nate/ece411/mp3/simulation/modelsim/" for EDA simulation tool
Info (204019): Generated file mp3_v.sdo in folder "/home/nate/ece411/mp3/simulation/modelsim/" for EDA simulation tool
Info: Quartus Prime EDA Netlist Writer was successful. 0 errors, 0 warnings
    Info: Peak virtual memory: 1317 megabytes
    Info: Processing ended: Fri Oct 14 21:43:47 2016
    Info: Elapsed time: 00:00:01
    Info: Total CPU time (on all processors): 00:00:01


